<?xml version="1.0" encoding="UTF-8"?>
<!-- Generated by org.testng.reporters.JUnitReportReporter -->
<testsuite hostname="MS-DT-0043" name="com.modular.framework.InitWebdriver.InitDriver" tests="3" failures="0" timestamp="21 Apr 2017 06:55:53 GMT" time="7.517" errors="0">
  <testcase name="makingList" time="2.369" classname="com.modular.framework.InitWebdriver.InitDriver"/>
  <testcase name="makingList" time="2.832" classname="com.modular.framework.InitWebdriver.InitDriver"/>
  <testcase name="makingList" time="2.316" classname="com.modular.framework.InitWebdriver.InitDriver"/>
</testsuite> <!-- com.modular.framework.InitWebdriver.InitDriver -->
