<?xml version="1.0" encoding="UTF-8"?>
<!-- Generated by org.testng.reporters.JUnitReportReporter -->
<testsuite hostname="MS-DT-0043" name="com.modular.framework.Functional_TestSuites.UploadPOScenarioTest" tests="1" failures="0" timestamp="24 Aug 2017 13:12:03 GMT" time="214.062" errors="0">
  <testcase name="createInvoiceObjTest" time="214.062" classname="com.modular.framework.Functional_TestSuites.UploadPOScenarioTest"/>
</testsuite> <!-- com.modular.framework.Functional_TestSuites.UploadPOScenarioTest -->
