<?xml version="1.0" encoding="UTF-8"?>
<!-- Generated by org.testng.reporters.JUnitReportReporter -->
<testsuite skipped="0" hostname="MS-DT-0043" name="com.modular.framework.Functional_TestSuites.AssignmentTest" tests="1" failures="0" timestamp="26 Dec 2017 13:01:29 GMT" time="82.779" errors="0">
  <testcase name="scenarioTest" time="82.779" classname="com.modular.framework.Functional_TestSuites.AssignmentTest"/>
</testsuite> <!-- com.modular.framework.Functional_TestSuites.AssignmentTest -->
