<?xml version="1.0" encoding="UTF-8"?>
<!-- Generated by org.testng.reporters.JUnitReportReporter -->
<testsuite hostname="DHM8WLC2" name="com.modular.framework.Functional_TestSuites.fillingSupplierDetails" tests="1" failures="0" timestamp="28 Apr 2017 20:31:42 GMT" time="12.188" errors="0">
  <testcase name="basicDetails" time="12.188" classname="com.modular.framework.Functional_TestSuites.fillingSupplierDetails"/>
</testsuite> <!-- com.modular.framework.Functional_TestSuites.fillingSupplierDetails -->
