<?xml version="1.0" encoding="UTF-8"?>
<!-- Generated by org.testng.reporters.JUnitReportReporter -->
<testsuite hostname="MS-DT-0043" name="com.modular.framework.Functional_TestSuites.CreateInvoicesTest" tests="1" failures="0" timestamp="24 Aug 2017 11:53:47 GMT" time="213.903" errors="0">
  <testcase name="createInvoiceObjTest" time="213.903" classname="com.modular.framework.Functional_TestSuites.CreateInvoicesTest"/>
</testsuite> <!-- com.modular.framework.Functional_TestSuites.CreateInvoicesTest -->
