<?xml version="1.0" encoding="UTF-8"?>
<!-- Generated by org.testng.reporters.JUnitReportReporter -->
<testsuite hostname="MS-DT-0043" name="com.modular.framework.Functional_TestSuites.DemoTest" tests="1" failures="0" timestamp="30 May 2017 15:51:38 GMT" time="92.681" errors="0">
  <testcase name="fillingProfile" time="92.681" classname="com.modular.framework.Functional_TestSuites.DemoTest"/>
</testsuite> <!-- com.modular.framework.Functional_TestSuites.DemoTest -->
