<?xml version="1.0" encoding="UTF-8"?>
<!-- Generated by org.testng.reporters.JUnitReportReporter -->
<testsuite hostname="MS-DT-0043" name="com.modular.framework.Functional_TestSuites.ExcelWriteTest" tests="1" failures="0" timestamp="4 May 2017 09:00:53 GMT" time="0.172" errors="0">
  <testcase name="writingTest" time="0.172" classname="com.modular.framework.Functional_TestSuites.ExcelWriteTest"/>
</testsuite> <!-- com.modular.framework.Functional_TestSuites.ExcelWriteTest -->
