<?xml version="1.0" encoding="UTF-8"?>
<!-- Generated by org.testng.reporters.JUnitReportReporter -->
<testsuite hostname="MS-DT-0043" name="com.modular.framework.Functional_TestSuites.QuoteNewEnquiriesTest" tests="1" failures="0" timestamp="30 May 2017 16:15:04 GMT" time="99.896" errors="0">
  <testcase name="submitQuoteNew" time="99.896" classname="com.modular.framework.Functional_TestSuites.QuoteNewEnquiriesTest"/>
</testsuite> <!-- com.modular.framework.Functional_TestSuites.QuoteNewEnquiriesTest -->
