<?xml version="1.0" encoding="UTF-8"?>
<!-- Generated by org.testng.reporters.JUnitReportReporter -->
<testsuite hostname="MS-DT-0043" name="com.modular.framework.Functional_TestSuites.RforQuotesTest" tests="1" failures="0" timestamp="21 Apr 2017 04:48:27 GMT" time="0.014" errors="0">
  <testcase name="customerLoginTest" time="0.014" classname="com.modular.framework.Functional_TestSuites.RforQuotesTest"/>
</testsuite> <!-- com.modular.framework.Functional_TestSuites.RforQuotesTest -->
