<?xml version="1.0" encoding="UTF-8"?>
<!-- Generated by org.testng.reporters.JUnitReportReporter -->
<testsuite hostname="MS-DT-0043" name="com.modular.framework.Functional_TestSuites.QuoteNewEnquiriesL1" tests="2" failures="0" timestamp="6 Jun 2017 06:47:50 GMT" time="379.395" errors="0">
  <testcase name="submitQuoteNew" time="180.648" classname="com.modular.framework.Functional_TestSuites.QuoteNewEnquiriesL1"/>
  <testcase name="submitQuoteNew" time="198.747" classname="com.modular.framework.Functional_TestSuites.QuoteNewEnquiriesL1"/>
</testsuite> <!-- com.modular.framework.Functional_TestSuites.QuoteNewEnquiriesL1 -->
