<?xml version="1.0" encoding="UTF-8"?>
<!-- Generated by org.testng.reporters.JUnitReportReporter -->
<testsuite hostname="MS-DT-0043" name="com.modular.framework.Functional_TestSuites.MakeMyListTest" tests="3" failures="0" timestamp="26 Apr 2017 05:24:56 GMT" time="20.271" errors="0">
  <testcase name="makingList" time="7.194" classname="com.modular.framework.Functional_TestSuites.MakeMyListTest"/>
  <testcase name="makingList" time="4.201" classname="com.modular.framework.Functional_TestSuites.MakeMyListTest"/>
  <testcase name="makingList" time="8.876" classname="com.modular.framework.Functional_TestSuites.MakeMyListTest"/>
</testsuite> <!-- com.modular.framework.Functional_TestSuites.MakeMyListTest -->
